<?xml version="1.0" encoding="UTF-8"?>
<testng-results ignored="0" total="2" passed="2" failed="0" skipped="0">
  <reporter-output>
  </reporter-output>
  <suite started-at="2021-08-15T17:17:59Z" name="Default suite" finished-at="2021-08-15T17:18:32Z" duration-ms="33203">
    <groups>
    </groups>
    <test started-at="2021-08-15T17:17:59Z" name="Default test" finished-at="2021-08-15T17:18:32Z" duration-ms="33203">
      <class name="CBA.CBAAssessment.Q2Test">
        <test-method is-config="true" signature="beforetest()[pri:0, instance:CBA.CBAAssessment.Q2Test@38e79ae3]" started-at="2021-08-15T17:17:59Z" name="beforetest" finished-at="2021-08-15T17:17:59Z" duration-ms="9" status="PASS">
          <reporter-output>
          </reporter-output>
        </test-method> <!-- beforetest -->
        <test-method signature="mainFlow(java.lang.String, java.lang.String, java.lang.String, java.lang.String)[pri:0, instance:CBA.CBAAssessment.Q2Test@38e79ae3]" started-at="2021-08-15T17:17:59Z" name="mainFlow" data-provider="test-data" finished-at="2021-08-15T17:18:18Z" duration-ms="19291" status="PASS">
          <params>
            <param index="0">
              <value>
                <![CDATA[300000]]>
              </value>
            </param>
            <param index="1">
              <value>
                <![CDATA[30]]>
              </value>
            </param>
            <param index="2">
              <value>
                <![CDATA[$437,476]]>
              </value>
            </param>
            <param index="3">
              <value>
                <![CDATA[$137,476]]>
              </value>
            </param>
          </params>
          <reporter-output>
          </reporter-output>
        </test-method> <!-- mainFlow -->
        <test-method signature="mainFlow(java.lang.String, java.lang.String, java.lang.String, java.lang.String)[pri:0, instance:CBA.CBAAssessment.Q2Test@38e79ae3]" started-at="2021-08-15T17:18:18Z" name="mainFlow" data-provider="test-data" finished-at="2021-08-15T17:18:32Z" duration-ms="13887" status="PASS">
          <params>
            <param index="0">
              <value>
                <![CDATA[400000]]>
              </value>
            </param>
            <param index="1">
              <value>
                <![CDATA[20]]>
              </value>
            </param>
            <param index="2">
              <value>
                <![CDATA[$517,640]]>
              </value>
            </param>
            <param index="3">
              <value>
                <![CDATA[$117,640]]>
              </value>
            </param>
          </params>
          <reporter-output>
          </reporter-output>
        </test-method> <!-- mainFlow -->
      </class> <!-- CBA.CBAAssessment.Q2Test -->
    </test> <!-- Default test -->
  </suite> <!-- Default suite -->
</testng-results>
